[32m  INFO[0m: Launching config: "/home/stan/.config/quickshell/default/shell.qml"
[32m  INFO[0m: Shell ID: "9443168c4e0886ec08bd016e7b545395" Path ID "9443168c4e0886ec08bd016e7b545395"
[32m  INFO[0m: Saving logs to "/run/user/1000/quickshell/by-id/bkc1uiri9t/log.qslog"
[32m  INFO[0m: QML tooling support enabled
[34m DEBUG[97m qml[0m: default
[33m  WARN[97m scene[0m: QML QQuickItem at qrc:/qt/qml/Quickshell/Widgets/ClippingRectangle.qml[68:3]: Wrapper component cannot have more than one visual child.
[33m  WARN[97m scene[0m: QML QQuickItem at qrc:/qt/qml/Quickshell/Widgets/ClippingRectangle.qml[68:3]: Remove all additional children, or pick a specific component to wrap using the child property.
[33m  WARN[97m scene[0m: QML QQuickItem at qrc:/qt/qml/Quickshell/Widgets/ClippingRectangle.qml[68:3]: Wrapper component cannot have more than one visual child.
[33m  WARN[97m scene[0m: QML QQuickItem at qrc:/qt/qml/Quickshell/Widgets/ClippingRectangle.qml[68:3]: Remove all additional children, or pick a specific component to wrap using the child property.
[33m  WARN[0m: $HYPRLAND_INSTANCE_SIGNATURE is unset. Cannot connect to hyprland.
[33m  WARN[97m scene[0m: @modules/bar/Corners.qml[77:13]: TypeError: Cannot read property 'height' of null
[33m  WARN[97m scene[0m: @modules/bar/Corners.qml[83:13]: TypeError: Cannot read property 'width' of null
[33m  WARN[97m scene[0m: @modules/bar/Corners.qml[91:13]: TypeError: Cannot read property 'height' of null
[33m  WARN[97m scene[0m: @modules/bar/Corners.qml[90:13]: TypeError: Cannot read property 'width' of null
[33m  WARN[97m scene[0m: @modules/bar/Corners.qml[77:13]: TypeError: Cannot read property 'height' of null
[33m  WARN[97m scene[0m: @modules/bar/Corners.qml[83:13]: TypeError: Cannot read property 'width' of null
[33m  WARN[97m scene[0m: @modules/bar/Corners.qml[91:13]: TypeError: Cannot read property 'height' of null
[33m  WARN[97m scene[0m: @modules/bar/Corners.qml[90:13]: TypeError: Cannot read property 'width' of null
[33m  WARN[97m scene[0m: @modules/bar/Corners.qml[38:-1]: TypeError: Cannot read property 'height' of null
[33m  WARN[97m scene[0m: @modules/bar/Corners.qml[48:-1]: TypeError: Cannot read property 'height' of null
[33m  WARN[97m scene[0m: @modules/bar/Corners.qml[57:-1]: TypeError: Cannot read property 'width' of null
[33m  WARN[97m scene[0m: @modules/bar/Corners.qml[38:-1]: TypeError: Cannot read property 'height' of null
[33m  WARN[97m scene[0m: @modules/bar/Corners.qml[48:-1]: TypeError: Cannot read property 'height' of null
[33m  WARN[97m scene[0m: @modules/bar/Corners.qml[57:-1]: TypeError: Cannot read property 'width' of null
[33m  WARN[97m scene[0m: @modules/overlays/VolumeOsd.qml[44:9]: Unable to assign [undefined] to bool
[33m  WARN[97m scene[0m: @modules/overlays/VolumeOsd.qml[44:9]: Unable to assign [undefined] to bool
[32m  INFO[0m: Configuration Loaded
[32m  INFO[97m qml[0m: Detected Niri
[33m  WARN[97m qt.qpa.wayland.textinput[0m: virtual void QtWaylandClient::QWaylandTextInputv3::disableSurface(wl_surface*) Try to disable surface 0x7efc5f1f3620 with focusing surface 0x7efc5f1ab2c0
[32m  INFO[0m: Launching config: "/home/stan/.config/quickshell/default/shell.qml"
[32m  INFO[0m: Shell ID: "9443168c4e0886ec08bd016e7b545395" Path ID "9443168c4e0886ec08bd016e7b545395"
[32m  INFO[0m: Saving logs to "/run/user/1000/quickshell/by-id/jjk9dam9t/log.qslog"
[32m  INFO[0m: QML tooling support enabled
[34m DEBUG[97m qml[0m: default
[33m  WARN[97m scene[0m: QML QQuickItem at qrc:/qt/qml/Quickshell/Widgets/ClippingRectangle.qml[68:3]: Wrapper component cannot have more than one visual child.
[33m  WARN[97m scene[0m: QML QQuickItem at qrc:/qt/qml/Quickshell/Widgets/ClippingRectangle.qml[68:3]: Remove all additional children, or pick a specific component to wrap using the child property.
[33m  WARN[97m scene[0m: QML QQuickItem at qrc:/qt/qml/Quickshell/Widgets/ClippingRectangle.qml[68:3]: Wrapper component cannot have more than one visual child.
[33m  WARN[97m scene[0m: QML QQuickItem at qrc:/qt/qml/Quickshell/Widgets/ClippingRectangle.qml[68:3]: Remove all additional children, or pick a specific component to wrap using the child property.
[33m  WARN[0m: $HYPRLAND_INSTANCE_SIGNATURE is unset. Cannot connect to hyprland.
[33m  WARN[97m scene[0m: @modules/bar/Corners.qml[77:13]: TypeError: Cannot read property 'height' of null
[33m  WARN[97m scene[0m: @modules/bar/Corners.qml[83:13]: TypeError: Cannot read property 'width' of null
[33m  WARN[97m scene[0m: @modules/bar/Corners.qml[91:13]: TypeError: Cannot read property 'height' of null
[33m  WARN[97m scene[0m: @modules/bar/Corners.qml[90:13]: TypeError: Cannot read property 'width' of null
[33m  WARN[97m scene[0m: @modules/bar/Corners.qml[77:13]: TypeError: Cannot read property 'height' of null
[33m  WARN[97m scene[0m: @modules/bar/Corners.qml[83:13]: TypeError: Cannot read property 'width' of null
[33m  WARN[97m scene[0m: @modules/bar/Corners.qml[91:13]: TypeError: Cannot read property 'height' of null
[33m  WARN[97m scene[0m: @modules/bar/Corners.qml[90:13]: TypeError: Cannot read property 'width' of null
[33m  WARN[97m scene[0m: @modules/bar/Corners.qml[38:-1]: TypeError: Cannot read property 'height' of null
[33m  WARN[97m scene[0m: @modules/bar/Corners.qml[48:-1]: TypeError: Cannot read property 'height' of null
[33m  WARN[97m scene[0m: @modules/bar/Corners.qml[57:-1]: TypeError: Cannot read property 'width' of null
[33m  WARN[97m scene[0m: @modules/bar/Corners.qml[38:-1]: TypeError: Cannot read property 'height' of null
[33m  WARN[97m scene[0m: @modules/bar/Corners.qml[48:-1]: TypeError: Cannot read property 'height' of null
[33m  WARN[97m scene[0m: @modules/bar/Corners.qml[57:-1]: TypeError: Cannot read property 'width' of null
[33m  WARN[97m scene[0m: @modules/overlays/VolumeOsd.qml[44:9]: Unable to assign [undefined] to bool
[33m  WARN[97m scene[0m: @modules/overlays/VolumeOsd.qml[44:9]: Unable to assign [undefined] to bool
[32m  INFO[0m: Configuration Loaded
[32m  INFO[97m qml[0m: Detected Niri
[32m  INFO[0m: Reloading configuration...
[34m DEBUG[97m qml[0m: default
[33m  WARN[97m scene[0m: QML QQuickItem at qrc:/qt/qml/Quickshell/Widgets/ClippingRectangle.qml[68:3]: Wrapper component cannot have more than one visual child.
[33m  WARN[97m scene[0m: QML QQuickItem at qrc:/qt/qml/Quickshell/Widgets/ClippingRectangle.qml[68:3]: Remove all additional children, or pick a specific component to wrap using the child property.
[33m  WARN[97m scene[0m: QML QQuickItem at qrc:/qt/qml/Quickshell/Widgets/ClippingRectangle.qml[68:3]: Wrapper component cannot have more than one visual child.
[33m  WARN[97m scene[0m: QML QQuickItem at qrc:/qt/qml/Quickshell/Widgets/ClippingRectangle.qml[68:3]: Remove all additional children, or pick a specific component to wrap using the child property.
[33m  WARN[97m scene[0m: @modules/bar/Corners.qml[77:13]: TypeError: Cannot read property 'height' of null
[33m  WARN[97m scene[0m: @modules/bar/Corners.qml[83:13]: TypeError: Cannot read property 'width' of null
[33m  WARN[97m scene[0m: @modules/bar/Corners.qml[91:13]: TypeError: Cannot read property 'height' of null
[33m  WARN[97m scene[0m: @modules/bar/Corners.qml[90:13]: TypeError: Cannot read property 'width' of null
[33m  WARN[97m scene[0m: @modules/bar/Corners.qml[77:13]: TypeError: Cannot read property 'height' of null
[33m  WARN[97m scene[0m: @modules/bar/Corners.qml[83:13]: TypeError: Cannot read property 'width' of null
[33m  WARN[97m scene[0m: @modules/bar/Corners.qml[91:13]: TypeError: Cannot read property 'height' of null
[33m  WARN[97m scene[0m: @modules/bar/Corners.qml[90:13]: TypeError: Cannot read property 'width' of null
[33m  WARN[97m scene[0m: @modules/bar/Corners.qml[38:-1]: TypeError: Cannot read property 'height' of null
[33m  WARN[97m scene[0m: @modules/bar/Corners.qml[48:-1]: TypeError: Cannot read property 'height' of null
[33m  WARN[97m scene[0m: @modules/bar/Corners.qml[57:-1]: TypeError: Cannot read property 'width' of null
[33m  WARN[97m scene[0m: @modules/bar/Corners.qml[38:-1]: TypeError: Cannot read property 'height' of null
[33m  WARN[97m scene[0m: @modules/bar/Corners.qml[48:-1]: TypeError: Cannot read property 'height' of null
[33m  WARN[97m scene[0m: @modules/bar/Corners.qml[57:-1]: TypeError: Cannot read property 'width' of null
[33m  WARN[97m scene[0m: @modules/overlays/VolumeOsd.qml[44:9]: Unable to assign [undefined] to bool
[33m  WARN[97m scene[0m: @modules/overlays/VolumeOsd.qml[44:9]: Unable to assign [undefined] to bool
[33m  WARN[97m scene[0m: @modules/bar/Corners.qml[38:-1]: TypeError: Cannot read property 'height' of null
[33m  WARN[97m scene[0m: @modules/bar/Corners.qml[48:-1]: TypeError: Cannot read property 'height' of null
[33m  WARN[97m scene[0m: @modules/bar/Corners.qml[57:-1]: TypeError: Cannot read property 'width' of null
[33m  WARN[97m scene[0m: @modules/bar/Corners.qml[77:13]: TypeError: Cannot read property 'height' of null
[33m  WARN[97m scene[0m: @modules/bar/Corners.qml[83:13]: TypeError: Cannot read property 'width' of null
[33m  WARN[97m scene[0m: @modules/bar/Corners.qml[91:13]: TypeError: Cannot read property 'height' of null
[33m  WARN[97m scene[0m: @modules/bar/Corners.qml[90:13]: TypeError: Cannot read property 'width' of null
[33m  WARN[97m scene[0m: @modules/bar/Corners.qml[38:-1]: TypeError: Cannot read property 'height' of null
[33m  WARN[97m scene[0m: @modules/bar/Corners.qml[48:-1]: TypeError: Cannot read property 'height' of null
[33m  WARN[97m scene[0m: @modules/bar/Corners.qml[57:-1]: TypeError: Cannot read property 'width' of null
[33m  WARN[97m scene[0m: @modules/bar/Corners.qml[77:13]: TypeError: Cannot read property 'height' of null
[33m  WARN[97m scene[0m: @modules/bar/Corners.qml[83:13]: TypeError: Cannot read property 'width' of null
[33m  WARN[97m scene[0m: @modules/bar/Corners.qml[91:13]: TypeError: Cannot read property 'height' of null
[33m  WARN[97m scene[0m: @modules/bar/Corners.qml[90:13]: TypeError: Cannot read property 'width' of null
[32m  INFO[0m: Configuration Loaded
[32m  INFO[97m qml[0m: Detected Niri
[32m  INFO[0m: Reloading configuration...
[34m DEBUG[97m qml[0m: default
[33m  WARN[97m scene[0m: QML QQuickItem at qrc:/qt/qml/Quickshell/Widgets/ClippingRectangle.qml[68:3]: Wrapper component cannot have more than one visual child.
[33m  WARN[97m scene[0m: QML QQuickItem at qrc:/qt/qml/Quickshell/Widgets/ClippingRectangle.qml[68:3]: Remove all additional children, or pick a specific component to wrap using the child property.
[33m  WARN[97m scene[0m: QML QQuickItem at qrc:/qt/qml/Quickshell/Widgets/ClippingRectangle.qml[68:3]: Wrapper component cannot have more than one visual child.
[33m  WARN[97m scene[0m: QML QQuickItem at qrc:/qt/qml/Quickshell/Widgets/ClippingRectangle.qml[68:3]: Remove all additional children, or pick a specific component to wrap using the child property.
[33m  WARN[97m scene[0m: @modules/bar/Corners.qml[77:13]: TypeError: Cannot read property 'height' of null
[33m  WARN[97m scene[0m: @modules/bar/Corners.qml[83:13]: TypeError: Cannot read property 'width' of null
[33m  WARN[97m scene[0m: @modules/bar/Corners.qml[91:13]: TypeError: Cannot read property 'height' of null
[33m  WARN[97m scene[0m: @modules/bar/Corners.qml[90:13]: TypeError: Cannot read property 'width' of null
[33m  WARN[97m scene[0m: @modules/bar/Corners.qml[77:13]: TypeError: Cannot read property 'height' of null
[33m  WARN[97m scene[0m: @modules/bar/Corners.qml[83:13]: TypeError: Cannot read property 'width' of null
[33m  WARN[97m scene[0m: @modules/bar/Corners.qml[91:13]: TypeError: Cannot read property 'height' of null
[33m  WARN[97m scene[0m: @modules/bar/Corners.qml[90:13]: TypeError: Cannot read property 'width' of null
[33m  WARN[97m scene[0m: @modules/bar/Corners.qml[38:-1]: TypeError: Cannot read property 'height' of null
[33m  WARN[97m scene[0m: @modules/bar/Corners.qml[48:-1]: TypeError: Cannot read property 'height' of null
[33m  WARN[97m scene[0m: @modules/bar/Corners.qml[57:-1]: TypeError: Cannot read property 'width' of null
[33m  WARN[97m scene[0m: @modules/bar/Corners.qml[38:-1]: TypeError: Cannot read property 'height' of null
[33m  WARN[97m scene[0m: @modules/bar/Corners.qml[48:-1]: TypeError: Cannot read property 'height' of null
[33m  WARN[97m scene[0m: @modules/bar/Corners.qml[57:-1]: TypeError: Cannot read property 'width' of null
[33m  WARN[97m scene[0m: @modules/overlays/VolumeOsd.qml[44:9]: Unable to assign [undefined] to bool
[33m  WARN[97m scene[0m: @modules/overlays/VolumeOsd.qml[44:9]: Unable to assign [undefined] to bool
[33m  WARN[97m scene[0m: @modules/bar/Corners.qml[38:-1]: TypeError: Cannot read property 'height' of null
[33m  WARN[97m scene[0m: @modules/bar/Corners.qml[48:-1]: TypeError: Cannot read property 'height' of null
[33m  WARN[97m scene[0m: @modules/bar/Corners.qml[57:-1]: TypeError: Cannot read property 'width' of null
[33m  WARN[97m scene[0m: @modules/bar/Corners.qml[77:13]: TypeError: Cannot read property 'height' of null
[33m  WARN[97m scene[0m: @modules/bar/Corners.qml[83:13]: TypeError: Cannot read property 'width' of null
[33m  WARN[97m scene[0m: @modules/bar/Corners.qml[91:13]: TypeError: Cannot read property 'height' of null
[33m  WARN[97m scene[0m: @modules/bar/Corners.qml[90:13]: TypeError: Cannot read property 'width' of null
[33m  WARN[97m scene[0m: @modules/bar/Corners.qml[38:-1]: TypeError: Cannot read property 'height' of null
[33m  WARN[97m scene[0m: @modules/bar/Corners.qml[48:-1]: TypeError: Cannot read property 'height' of null
[33m  WARN[97m scene[0m: @modules/bar/Corners.qml[57:-1]: TypeError: Cannot read property 'width' of null
[33m  WARN[97m scene[0m: @modules/bar/Corners.qml[77:13]: TypeError: Cannot read property 'height' of null
[33m  WARN[97m scene[0m: @modules/bar/Corners.qml[83:13]: TypeError: Cannot read property 'width' of null
[33m  WARN[97m scene[0m: @modules/bar/Corners.qml[91:13]: TypeError: Cannot read property 'height' of null
[33m  WARN[97m scene[0m: @modules/bar/Corners.qml[90:13]: TypeError: Cannot read property 'width' of null
[32m  INFO[0m: Configuration Loaded
[32m  INFO[97m qml[0m: Detected Niri
[32m  INFO[0m: Reloading configuration...
[34m DEBUG[97m qml[0m: default
[33m  WARN[97m scene[0m: QML QQuickItem at qrc:/qt/qml/Quickshell/Widgets/ClippingRectangle.qml[68:3]: Wrapper component cannot have more than one visual child.
[33m  WARN[97m scene[0m: QML QQuickItem at qrc:/qt/qml/Quickshell/Widgets/ClippingRectangle.qml[68:3]: Remove all additional children, or pick a specific component to wrap using the child property.
[33m  WARN[97m scene[0m: QML QQuickItem at qrc:/qt/qml/Quickshell/Widgets/ClippingRectangle.qml[68:3]: Wrapper component cannot have more than one visual child.
[33m  WARN[97m scene[0m: QML QQuickItem at qrc:/qt/qml/Quickshell/Widgets/ClippingRectangle.qml[68:3]: Remove all additional children, or pick a specific component to wrap using the child property.
[33m  WARN[97m scene[0m: @modules/bar/Corners.qml[77:13]: TypeError: Cannot read property 'height' of null
[33m  WARN[97m scene[0m: @modules/bar/Corners.qml[83:13]: TypeError: Cannot read property 'width' of null
[33m  WARN[97m scene[0m: @modules/bar/Corners.qml[91:13]: TypeError: Cannot read property 'height' of null
[33m  WARN[97m scene[0m: @modules/bar/Corners.qml[90:13]: TypeError: Cannot read property 'width' of null
[33m  WARN[97m scene[0m: @modules/bar/Corners.qml[77:13]: TypeError: Cannot read property 'height' of null
[33m  WARN[97m scene[0m: @modules/bar/Corners.qml[83:13]: TypeError: Cannot read property 'width' of null
[33m  WARN[97m scene[0m: @modules/bar/Corners.qml[91:13]: TypeError: Cannot read property 'height' of null
[33m  WARN[97m scene[0m: @modules/bar/Corners.qml[90:13]: TypeError: Cannot read property 'width' of null
[33m  WARN[97m scene[0m: @modules/bar/Corners.qml[38:-1]: TypeError: Cannot read property 'height' of null
[33m  WARN[97m scene[0m: @modules/bar/Corners.qml[48:-1]: TypeError: Cannot read property 'height' of null
[33m  WARN[97m scene[0m: @modules/bar/Corners.qml[57:-1]: TypeError: Cannot read property 'width' of null
[33m  WARN[97m scene[0m: @modules/bar/Corners.qml[38:-1]: TypeError: Cannot read property 'height' of null
[33m  WARN[97m scene[0m: @modules/bar/Corners.qml[48:-1]: TypeError: Cannot read property 'height' of null
[33m  WARN[97m scene[0m: @modules/bar/Corners.qml[57:-1]: TypeError: Cannot read property 'width' of null
[33m  WARN[97m scene[0m: @modules/overlays/VolumeOsd.qml[44:9]: Unable to assign [undefined] to bool
[33m  WARN[97m scene[0m: @modules/overlays/VolumeOsd.qml[44:9]: Unable to assign [undefined] to bool
[33m  WARN[97m scene[0m: @modules/bar/Corners.qml[38:-1]: TypeError: Cannot read property 'height' of null
[33m  WARN[97m scene[0m: @modules/bar/Corners.qml[48:-1]: TypeError: Cannot read property 'height' of null
[33m  WARN[97m scene[0m: @modules/bar/Corners.qml[57:-1]: TypeError: Cannot read property 'width' of null
[33m  WARN[97m scene[0m: @modules/bar/Corners.qml[77:13]: TypeError: Cannot read property 'height' of null
[33m  WARN[97m scene[0m: @modules/bar/Corners.qml[83:13]: TypeError: Cannot read property 'width' of null
[33m  WARN[97m scene[0m: @modules/bar/Corners.qml[91:13]: TypeError: Cannot read property 'height' of null
[33m  WARN[97m scene[0m: @modules/bar/Corners.qml[90:13]: TypeError: Cannot read property 'width' of null
[33m  WARN[97m scene[0m: @modules/bar/Corners.qml[38:-1]: TypeError: Cannot read property 'height' of null
[33m  WARN[97m scene[0m: @modules/bar/Corners.qml[48:-1]: TypeError: Cannot read property 'height' of null
[33m  WARN[97m scene[0m: @modules/bar/Corners.qml[57:-1]: TypeError: Cannot read property 'width' of null
[33m  WARN[97m scene[0m: @modules/bar/Corners.qml[77:13]: TypeError: Cannot read property 'height' of null
[33m  WARN[97m scene[0m: @modules/bar/Corners.qml[83:13]: TypeError: Cannot read property 'width' of null
[33m  WARN[97m scene[0m: @modules/bar/Corners.qml[91:13]: TypeError: Cannot read property 'height' of null
[33m  WARN[97m scene[0m: @modules/bar/Corners.qml[90:13]: TypeError: Cannot read property 'width' of null
[32m  INFO[0m: Configuration Loaded
[32m  INFO[97m qml[0m: Detected Niri
[32m  INFO[0m: Reloading configuration...
[34m DEBUG[97m qml[0m: default
[33m  WARN[97m scene[0m: QML QQuickItem at qrc:/qt/qml/Quickshell/Widgets/ClippingRectangle.qml[68:3]: Wrapper component cannot have more than one visual child.
[33m  WARN[97m scene[0m: QML QQuickItem at qrc:/qt/qml/Quickshell/Widgets/ClippingRectangle.qml[68:3]: Remove all additional children, or pick a specific component to wrap using the child property.
[33m  WARN[97m scene[0m: QML QQuickItem at qrc:/qt/qml/Quickshell/Widgets/ClippingRectangle.qml[68:3]: Wrapper component cannot have more than one visual child.
[33m  WARN[97m scene[0m: QML QQuickItem at qrc:/qt/qml/Quickshell/Widgets/ClippingRectangle.qml[68:3]: Remove all additional children, or pick a specific component to wrap using the child property.
[33m  WARN[97m scene[0m: @modules/bar/Corners.qml[77:13]: TypeError: Cannot read property 'height' of null
[33m  WARN[97m scene[0m: @modules/bar/Corners.qml[83:13]: TypeError: Cannot read property 'width' of null
[33m  WARN[97m scene[0m: @modules/bar/Corners.qml[91:13]: TypeError: Cannot read property 'height' of null
[33m  WARN[97m scene[0m: @modules/bar/Corners.qml[90:13]: TypeError: Cannot read property 'width' of null
[33m  WARN[97m scene[0m: @modules/bar/Corners.qml[77:13]: TypeError: Cannot read property 'height' of null
[33m  WARN[97m scene[0m: @modules/bar/Corners.qml[83:13]: TypeError: Cannot read property 'width' of null
[33m  WARN[97m scene[0m: @modules/bar/Corners.qml[91:13]: TypeError: Cannot read property 'height' of null
[33m  WARN[97m scene[0m: @modules/bar/Corners.qml[90:13]: TypeError: Cannot read property 'width' of null
[33m  WARN[97m scene[0m: @modules/bar/Corners.qml[38:-1]: TypeError: Cannot read property 'height' of null
[33m  WARN[97m scene[0m: @modules/bar/Corners.qml[48:-1]: TypeError: Cannot read property 'height' of null
[33m  WARN[97m scene[0m: @modules/bar/Corners.qml[57:-1]: TypeError: Cannot read property 'width' of null
[33m  WARN[97m scene[0m: @modules/bar/Corners.qml[38:-1]: TypeError: Cannot read property 'height' of null
[33m  WARN[97m scene[0m: @modules/bar/Corners.qml[48:-1]: TypeError: Cannot read property 'height' of null
[33m  WARN[97m scene[0m: @modules/bar/Corners.qml[57:-1]: TypeError: Cannot read property 'width' of null
[33m  WARN[97m scene[0m: @modules/overlays/VolumeOsd.qml[44:9]: Unable to assign [undefined] to bool
[33m  WARN[97m scene[0m: @modules/overlays/VolumeOsd.qml[44:9]: Unable to assign [undefined] to bool
[33m  WARN[97m scene[0m: @modules/bar/Corners.qml[38:-1]: TypeError: Cannot read property 'height' of null
[33m  WARN[97m scene[0m: @modules/bar/Corners.qml[48:-1]: TypeError: Cannot read property 'height' of null
[33m  WARN[97m scene[0m: @modules/bar/Corners.qml[57:-1]: TypeError: Cannot read property 'width' of null
[33m  WARN[97m scene[0m: @modules/bar/Corners.qml[77:13]: TypeError: Cannot read property 'height' of null
[33m  WARN[97m scene[0m: @modules/bar/Corners.qml[83:13]: TypeError: Cannot read property 'width' of null
[33m  WARN[97m scene[0m: @modules/bar/Corners.qml[91:13]: TypeError: Cannot read property 'height' of null
[33m  WARN[97m scene[0m: @modules/bar/Corners.qml[90:13]: TypeError: Cannot read property 'width' of null
[33m  WARN[97m scene[0m: @modules/bar/Corners.qml[38:-1]: TypeError: Cannot read property 'height' of null
[33m  WARN[97m scene[0m: @modules/bar/Corners.qml[48:-1]: TypeError: Cannot read property 'height' of null
[33m  WARN[97m scene[0m: @modules/bar/Corners.qml[57:-1]: TypeError: Cannot read property 'width' of null
[33m  WARN[97m scene[0m: @modules/bar/Corners.qml[77:13]: TypeError: Cannot read property 'height' of null
[33m  WARN[97m scene[0m: @modules/bar/Corners.qml[83:13]: TypeError: Cannot read property 'width' of null
[33m  WARN[97m scene[0m: @modules/bar/Corners.qml[91:13]: TypeError: Cannot read property 'height' of null
[33m  WARN[97m scene[0m: @modules/bar/Corners.qml[90:13]: TypeError: Cannot read property 'width' of null
[32m  INFO[0m: Configuration Loaded
[32m  INFO[97m qml[0m: Detected Niri
[32m  INFO[0m: Reloading configuration...
[34m DEBUG[97m qml[0m: default
[33m  WARN[97m scene[0m: QML QQuickItem at qrc:/qt/qml/Quickshell/Widgets/ClippingRectangle.qml[68:3]: Wrapper component cannot have more than one visual child.
[33m  WARN[97m scene[0m: QML QQuickItem at qrc:/qt/qml/Quickshell/Widgets/ClippingRectangle.qml[68:3]: Remove all additional children, or pick a specific component to wrap using the child property.
[33m  WARN[97m scene[0m: QML QQuickItem at qrc:/qt/qml/Quickshell/Widgets/ClippingRectangle.qml[68:3]: Wrapper component cannot have more than one visual child.
[33m  WARN[97m scene[0m: QML QQuickItem at qrc:/qt/qml/Quickshell/Widgets/ClippingRectangle.qml[68:3]: Remove all additional children, or pick a specific component to wrap using the child property.
[33m  WARN[97m scene[0m: @modules/bar/Corners.qml[77:13]: TypeError: Cannot read property 'height' of null
[33m  WARN[97m scene[0m: @modules/bar/Corners.qml[83:13]: TypeError: Cannot read property 'width' of null
[33m  WARN[97m scene[0m: @modules/bar/Corners.qml[91:13]: TypeError: Cannot read property 'height' of null
[33m  WARN[97m scene[0m: @modules/bar/Corners.qml[90:13]: TypeError: Cannot read property 'width' of null
[33m  WARN[97m scene[0m: @modules/bar/Corners.qml[77:13]: TypeError: Cannot read property 'height' of null
[33m  WARN[97m scene[0m: @modules/bar/Corners.qml[83:13]: TypeError: Cannot read property 'width' of null
[33m  WARN[97m scene[0m: @modules/bar/Corners.qml[91:13]: TypeError: Cannot read property 'height' of null
[33m  WARN[97m scene[0m: @modules/bar/Corners.qml[90:13]: TypeError: Cannot read property 'width' of null
[33m  WARN[97m scene[0m: @modules/bar/Corners.qml[38:-1]: TypeError: Cannot read property 'height' of null
[33m  WARN[97m scene[0m: @modules/bar/Corners.qml[48:-1]: TypeError: Cannot read property 'height' of null
[33m  WARN[97m scene[0m: @modules/bar/Corners.qml[57:-1]: TypeError: Cannot read property 'width' of null
[33m  WARN[97m scene[0m: @modules/bar/Corners.qml[38:-1]: TypeError: Cannot read property 'height' of null
[33m  WARN[97m scene[0m: @modules/bar/Corners.qml[48:-1]: TypeError: Cannot read property 'height' of null
[33m  WARN[97m scene[0m: @modules/bar/Corners.qml[57:-1]: TypeError: Cannot read property 'width' of null
[33m  WARN[97m scene[0m: @modules/overlays/VolumeOsd.qml[44:9]: Unable to assign [undefined] to bool
[33m  WARN[97m scene[0m: @modules/overlays/VolumeOsd.qml[44:9]: Unable to assign [undefined] to bool
[33m  WARN[97m scene[0m: @modules/bar/Corners.qml[38:-1]: TypeError: Cannot read property 'height' of null
[33m  WARN[97m scene[0m: @modules/bar/Corners.qml[48:-1]: TypeError: Cannot read property 'height' of null
[33m  WARN[97m scene[0m: @modules/bar/Corners.qml[57:-1]: TypeError: Cannot read property 'width' of null
[33m  WARN[97m scene[0m: @modules/bar/Corners.qml[77:13]: TypeError: Cannot read property 'height' of null
[33m  WARN[97m scene[0m: @modules/bar/Corners.qml[83:13]: TypeError: Cannot read property 'width' of null
[33m  WARN[97m scene[0m: @modules/bar/Corners.qml[91:13]: TypeError: Cannot read property 'height' of null
[33m  WARN[97m scene[0m: @modules/bar/Corners.qml[90:13]: TypeError: Cannot read property 'width' of null
[33m  WARN[97m scene[0m: @modules/bar/Corners.qml[38:-1]: TypeError: Cannot read property 'height' of null
[33m  WARN[97m scene[0m: @modules/bar/Corners.qml[48:-1]: TypeError: Cannot read property 'height' of null
[33m  WARN[97m scene[0m: @modules/bar/Corners.qml[57:-1]: TypeError: Cannot read property 'width' of null
[33m  WARN[97m scene[0m: @modules/bar/Corners.qml[77:13]: TypeError: Cannot read property 'height' of null
[33m  WARN[97m scene[0m: @modules/bar/Corners.qml[83:13]: TypeError: Cannot read property 'width' of null
[33m  WARN[97m scene[0m: @modules/bar/Corners.qml[91:13]: TypeError: Cannot read property 'height' of null
[33m  WARN[97m scene[0m: @modules/bar/Corners.qml[90:13]: TypeError: Cannot read property 'width' of null
[32m  INFO[0m: Configuration Loaded
[32m  INFO[97m qml[0m: Detected Niri
[32m  INFO[0m: Reloading configuration...
[34m DEBUG[97m qml[0m: default
[33m  WARN[97m scene[0m: QML QQuickItem at qrc:/qt/qml/Quickshell/Widgets/ClippingRectangle.qml[68:3]: Wrapper component cannot have more than one visual child.
[33m  WARN[97m scene[0m: QML QQuickItem at qrc:/qt/qml/Quickshell/Widgets/ClippingRectangle.qml[68:3]: Remove all additional children, or pick a specific component to wrap using the child property.
[33m  WARN[97m scene[0m: QML QQuickItem at qrc:/qt/qml/Quickshell/Widgets/ClippingRectangle.qml[68:3]: Wrapper component cannot have more than one visual child.
[33m  WARN[97m scene[0m: QML QQuickItem at qrc:/qt/qml/Quickshell/Widgets/ClippingRectangle.qml[68:3]: Remove all additional children, or pick a specific component to wrap using the child property.
[33m  WARN[97m scene[0m: @modules/bar/Corners.qml[77:13]: TypeError: Cannot read property 'height' of null
[33m  WARN[97m scene[0m: @modules/bar/Corners.qml[83:13]: TypeError: Cannot read property 'width' of null
[33m  WARN[97m scene[0m: @modules/bar/Corners.qml[91:13]: TypeError: Cannot read property 'height' of null
[33m  WARN[97m scene[0m: @modules/bar/Corners.qml[90:13]: TypeError: Cannot read property 'width' of null
[33m  WARN[97m scene[0m: @modules/bar/Corners.qml[77:13]: TypeError: Cannot read property 'height' of null
[33m  WARN[97m scene[0m: @modules/bar/Corners.qml[83:13]: TypeError: Cannot read property 'width' of null
[33m  WARN[97m scene[0m: @modules/bar/Corners.qml[91:13]: TypeError: Cannot read property 'height' of null
[33m  WARN[97m scene[0m: @modules/bar/Corners.qml[90:13]: TypeError: Cannot read property 'width' of null
[33m  WARN[97m scene[0m: @modules/bar/Corners.qml[38:-1]: TypeError: Cannot read property 'height' of null
[33m  WARN[97m scene[0m: @modules/bar/Corners.qml[48:-1]: TypeError: Cannot read property 'height' of null
[33m  WARN[97m scene[0m: @modules/bar/Corners.qml[57:-1]: TypeError: Cannot read property 'width' of null
[33m  WARN[97m scene[0m: @modules/bar/Corners.qml[38:-1]: TypeError: Cannot read property 'height' of null
[33m  WARN[97m scene[0m: @modules/bar/Corners.qml[48:-1]: TypeError: Cannot read property 'height' of null
[33m  WARN[97m scene[0m: @modules/bar/Corners.qml[57:-1]: TypeError: Cannot read property 'width' of null
[33m  WARN[97m scene[0m: @modules/overlays/VolumeOsd.qml[44:9]: Unable to assign [undefined] to bool
[33m  WARN[97m scene[0m: @modules/overlays/VolumeOsd.qml[44:9]: Unable to assign [undefined] to bool
[33m  WARN[97m scene[0m: @modules/bar/Corners.qml[38:-1]: TypeError: Cannot read property 'height' of null
[33m  WARN[97m scene[0m: @modules/bar/Corners.qml[48:-1]: TypeError: Cannot read property 'height' of null
[33m  WARN[97m scene[0m: @modules/bar/Corners.qml[57:-1]: TypeError: Cannot read property 'width' of null
[33m  WARN[97m scene[0m: @modules/bar/Corners.qml[77:13]: TypeError: Cannot read property 'height' of null
[33m  WARN[97m scene[0m: @modules/bar/Corners.qml[83:13]: TypeError: Cannot read property 'width' of null
[33m  WARN[97m scene[0m: @modules/bar/Corners.qml[91:13]: TypeError: Cannot read property 'height' of null
[33m  WARN[97m scene[0m: @modules/bar/Corners.qml[90:13]: TypeError: Cannot read property 'width' of null
[33m  WARN[97m scene[0m: @modules/bar/Corners.qml[38:-1]: TypeError: Cannot read property 'height' of null
[33m  WARN[97m scene[0m: @modules/bar/Corners.qml[48:-1]: TypeError: Cannot read property 'height' of null
[33m  WARN[97m scene[0m: @modules/bar/Corners.qml[57:-1]: TypeError: Cannot read property 'width' of null
[33m  WARN[97m scene[0m: @modules/bar/Corners.qml[77:13]: TypeError: Cannot read property 'height' of null
[33m  WARN[97m scene[0m: @modules/bar/Corners.qml[83:13]: TypeError: Cannot read property 'width' of null
[33m  WARN[97m scene[0m: @modules/bar/Corners.qml[91:13]: TypeError: Cannot read property 'height' of null
[33m  WARN[97m scene[0m: @modules/bar/Corners.qml[90:13]: TypeError: Cannot read property 'width' of null
[32m  INFO[0m: Configuration Loaded
[32m  INFO[97m qml[0m: Detected Niri
[32m  INFO[0m: Reloading configuration...
[34m DEBUG[97m qml[0m: default
[33m  WARN[97m scene[0m: QML QQuickItem at qrc:/qt/qml/Quickshell/Widgets/ClippingRectangle.qml[68:3]: Wrapper component cannot have more than one visual child.
[33m  WARN[97m scene[0m: QML QQuickItem at qrc:/qt/qml/Quickshell/Widgets/ClippingRectangle.qml[68:3]: Remove all additional children, or pick a specific component to wrap using the child property.
[33m  WARN[97m scene[0m: QML QQuickItem at qrc:/qt/qml/Quickshell/Widgets/ClippingRectangle.qml[68:3]: Wrapper component cannot have more than one visual child.
[33m  WARN[97m scene[0m: QML QQuickItem at qrc:/qt/qml/Quickshell/Widgets/ClippingRectangle.qml[68:3]: Remove all additional children, or pick a specific component to wrap using the child property.
[33m  WARN[97m scene[0m: @modules/bar/Corners.qml[77:13]: TypeError: Cannot read property 'height' of null
[33m  WARN[97m scene[0m: @modules/bar/Corners.qml[83:13]: TypeError: Cannot read property 'width' of null
[33m  WARN[97m scene[0m: @modules/bar/Corners.qml[91:13]: TypeError: Cannot read property 'height' of null
[33m  WARN[97m scene[0m: @modules/bar/Corners.qml[90:13]: TypeError: Cannot read property 'width' of null
[33m  WARN[97m scene[0m: @modules/bar/Corners.qml[77:13]: TypeError: Cannot read property 'height' of null
[33m  WARN[97m scene[0m: @modules/bar/Corners.qml[83:13]: TypeError: Cannot read property 'width' of null
[33m  WARN[97m scene[0m: @modules/bar/Corners.qml[91:13]: TypeError: Cannot read property 'height' of null
[33m  WARN[97m scene[0m: @modules/bar/Corners.qml[90:13]: TypeError: Cannot read property 'width' of null
[33m  WARN[97m scene[0m: @modules/bar/Corners.qml[38:-1]: TypeError: Cannot read property 'height' of null
[33m  WARN[97m scene[0m: @modules/bar/Corners.qml[48:-1]: TypeError: Cannot read property 'height' of null
[33m  WARN[97m scene[0m: @modules/bar/Corners.qml[57:-1]: TypeError: Cannot read property 'width' of null
[33m  WARN[97m scene[0m: @modules/bar/Corners.qml[38:-1]: TypeError: Cannot read property 'height' of null
[33m  WARN[97m scene[0m: @modules/bar/Corners.qml[48:-1]: TypeError: Cannot read property 'height' of null
[33m  WARN[97m scene[0m: @modules/bar/Corners.qml[57:-1]: TypeError: Cannot read property 'width' of null
[33m  WARN[97m scene[0m: @modules/overlays/VolumeOsd.qml[44:9]: Unable to assign [undefined] to bool
[33m  WARN[97m scene[0m: @modules/overlays/VolumeOsd.qml[44:9]: Unable to assign [undefined] to bool
[33m  WARN[97m scene[0m: @modules/bar/Corners.qml[38:-1]: TypeError: Cannot read property 'height' of null
[33m  WARN[97m scene[0m: @modules/bar/Corners.qml[48:-1]: TypeError: Cannot read property 'height' of null
[33m  WARN[97m scene[0m: @modules/bar/Corners.qml[57:-1]: TypeError: Cannot read property 'width' of null
[33m  WARN[97m scene[0m: @modules/bar/Corners.qml[77:13]: TypeError: Cannot read property 'height' of null
[33m  WARN[97m scene[0m: @modules/bar/Corners.qml[83:13]: TypeError: Cannot read property 'width' of null
[33m  WARN[97m scene[0m: @modules/bar/Corners.qml[91:13]: TypeError: Cannot read property 'height' of null
[33m  WARN[97m scene[0m: @modules/bar/Corners.qml[90:13]: TypeError: Cannot read property 'width' of null
[33m  WARN[97m scene[0m: @modules/bar/Corners.qml[38:-1]: TypeError: Cannot read property 'height' of null
[33m  WARN[97m scene[0m: @modules/bar/Corners.qml[48:-1]: TypeError: Cannot read property 'height' of null
[33m  WARN[97m scene[0m: @modules/bar/Corners.qml[57:-1]: TypeError: Cannot read property 'width' of null
[33m  WARN[97m scene[0m: @modules/bar/Corners.qml[77:13]: TypeError: Cannot read property 'height' of null
[33m  WARN[97m scene[0m: @modules/bar/Corners.qml[83:13]: TypeError: Cannot read property 'width' of null
[33m  WARN[97m scene[0m: @modules/bar/Corners.qml[91:13]: TypeError: Cannot read property 'height' of null
[33m  WARN[97m scene[0m: @modules/bar/Corners.qml[90:13]: TypeError: Cannot read property 'width' of null
[32m  INFO[0m: Configuration Loaded
[32m  INFO[97m qml[0m: Detected Niri
[32m  INFO[0m: Reloading configuration...
[34m DEBUG[97m qml[0m: default
[33m  WARN[97m scene[0m: QML QQuickItem at qrc:/qt/qml/Quickshell/Widgets/ClippingRectangle.qml[68:3]: Wrapper component cannot have more than one visual child.
[33m  WARN[97m scene[0m: QML QQuickItem at qrc:/qt/qml/Quickshell/Widgets/ClippingRectangle.qml[68:3]: Remove all additional children, or pick a specific component to wrap using the child property.
[33m  WARN[97m scene[0m: QML QQuickItem at qrc:/qt/qml/Quickshell/Widgets/ClippingRectangle.qml[68:3]: Wrapper component cannot have more than one visual child.
[33m  WARN[97m scene[0m: QML QQuickItem at qrc:/qt/qml/Quickshell/Widgets/ClippingRectangle.qml[68:3]: Remove all additional children, or pick a specific component to wrap using the child property.
[33m  WARN[97m scene[0m: @modules/bar/Corners.qml[77:13]: TypeError: Cannot read property 'height' of null
[33m  WARN[97m scene[0m: @modules/bar/Corners.qml[83:13]: TypeError: Cannot read property 'width' of null
[33m  WARN[97m scene[0m: @modules/bar/Corners.qml[91:13]: TypeError: Cannot read property 'height' of null
[33m  WARN[97m scene[0m: @modules/bar/Corners.qml[90:13]: TypeError: Cannot read property 'width' of null
[33m  WARN[97m scene[0m: @modules/bar/Corners.qml[77:13]: TypeError: Cannot read property 'height' of null
[33m  WARN[97m scene[0m: @modules/bar/Corners.qml[83:13]: TypeError: Cannot read property 'width' of null
[33m  WARN[97m scene[0m: @modules/bar/Corners.qml[91:13]: TypeError: Cannot read property 'height' of null
[33m  WARN[97m scene[0m: @modules/bar/Corners.qml[90:13]: TypeError: Cannot read property 'width' of null
[33m  WARN[97m scene[0m: @modules/bar/Corners.qml[38:-1]: TypeError: Cannot read property 'height' of null
[33m  WARN[97m scene[0m: @modules/bar/Corners.qml[48:-1]: TypeError: Cannot read property 'height' of null
[33m  WARN[97m scene[0m: @modules/bar/Corners.qml[57:-1]: TypeError: Cannot read property 'width' of null
[33m  WARN[97m scene[0m: @modules/bar/Corners.qml[38:-1]: TypeError: Cannot read property 'height' of null
[33m  WARN[97m scene[0m: @modules/bar/Corners.qml[48:-1]: TypeError: Cannot read property 'height' of null
[33m  WARN[97m scene[0m: @modules/bar/Corners.qml[57:-1]: TypeError: Cannot read property 'width' of null
[33m  WARN[97m scene[0m: @modules/overlays/VolumeOsd.qml[44:9]: Unable to assign [undefined] to bool
[33m  WARN[97m scene[0m: @modules/overlays/VolumeOsd.qml[44:9]: Unable to assign [undefined] to bool
[33m  WARN[97m scene[0m: @modules/bar/Corners.qml[38:-1]: TypeError: Cannot read property 'height' of null
[33m  WARN[97m scene[0m: @modules/bar/Corners.qml[48:-1]: TypeError: Cannot read property 'height' of null
[33m  WARN[97m scene[0m: @modules/bar/Corners.qml[57:-1]: TypeError: Cannot read property 'width' of null
[33m  WARN[97m scene[0m: @modules/bar/Corners.qml[77:13]: TypeError: Cannot read property 'height' of null
[33m  WARN[97m scene[0m: @modules/bar/Corners.qml[83:13]: TypeError: Cannot read property 'width' of null
[33m  WARN[97m scene[0m: @modules/bar/Corners.qml[91:13]: TypeError: Cannot read property 'height' of null
[33m  WARN[97m scene[0m: @modules/bar/Corners.qml[90:13]: TypeError: Cannot read property 'width' of null
[33m  WARN[97m scene[0m: @modules/bar/Corners.qml[38:-1]: TypeError: Cannot read property 'height' of null
[33m  WARN[97m scene[0m: @modules/bar/Corners.qml[48:-1]: TypeError: Cannot read property 'height' of null
[33m  WARN[97m scene[0m: @modules/bar/Corners.qml[57:-1]: TypeError: Cannot read property 'width' of null
[33m  WARN[97m scene[0m: @modules/bar/Corners.qml[77:13]: TypeError: Cannot read property 'height' of null
[33m  WARN[97m scene[0m: @modules/bar/Corners.qml[83:13]: TypeError: Cannot read property 'width' of null
[33m  WARN[97m scene[0m: @modules/bar/Corners.qml[91:13]: TypeError: Cannot read property 'height' of null
[33m  WARN[97m scene[0m: @modules/bar/Corners.qml[90:13]: TypeError: Cannot read property 'width' of null
[32m  INFO[0m: Configuration Loaded
[32m  INFO[97m qml[0m: Detected Niri
[32m  INFO[0m: Reloading configuration...
[34m DEBUG[97m qml[0m: default
[33m  WARN[97m scene[0m: QML QQuickItem at qrc:/qt/qml/Quickshell/Widgets/ClippingRectangle.qml[68:3]: Wrapper component cannot have more than one visual child.
[33m  WARN[97m scene[0m: QML QQuickItem at qrc:/qt/qml/Quickshell/Widgets/ClippingRectangle.qml[68:3]: Remove all additional children, or pick a specific component to wrap using the child property.
[33m  WARN[97m scene[0m: QML QQuickItem at qrc:/qt/qml/Quickshell/Widgets/ClippingRectangle.qml[68:3]: Wrapper component cannot have more than one visual child.
[33m  WARN[97m scene[0m: QML QQuickItem at qrc:/qt/qml/Quickshell/Widgets/ClippingRectangle.qml[68:3]: Remove all additional children, or pick a specific component to wrap using the child property.
[33m  WARN[97m scene[0m: @modules/bar/Corners.qml[77:13]: TypeError: Cannot read property 'height' of null
[33m  WARN[97m scene[0m: @modules/bar/Corners.qml[83:13]: TypeError: Cannot read property 'width' of null
[33m  WARN[97m scene[0m: @modules/bar/Corners.qml[91:13]: TypeError: Cannot read property 'height' of null
[33m  WARN[97m scene[0m: @modules/bar/Corners.qml[90:13]: TypeError: Cannot read property 'width' of null
[33m  WARN[97m scene[0m: @modules/bar/Corners.qml[77:13]: TypeError: Cannot read property 'height' of null
[33m  WARN[97m scene[0m: @modules/bar/Corners.qml[83:13]: TypeError: Cannot read property 'width' of null
[33m  WARN[97m scene[0m: @modules/bar/Corners.qml[91:13]: TypeError: Cannot read property 'height' of null
[33m  WARN[97m scene[0m: @modules/bar/Corners.qml[90:13]: TypeError: Cannot read property 'width' of null
[33m  WARN[97m scene[0m: @modules/bar/Corners.qml[38:-1]: TypeError: Cannot read property 'height' of null
[33m  WARN[97m scene[0m: @modules/bar/Corners.qml[48:-1]: TypeError: Cannot read property 'height' of null
[33m  WARN[97m scene[0m: @modules/bar/Corners.qml[57:-1]: TypeError: Cannot read property 'width' of null
[33m  WARN[97m scene[0m: @modules/bar/Corners.qml[38:-1]: TypeError: Cannot read property 'height' of null
[33m  WARN[97m scene[0m: @modules/bar/Corners.qml[48:-1]: TypeError: Cannot read property 'height' of null
[33m  WARN[97m scene[0m: @modules/bar/Corners.qml[57:-1]: TypeError: Cannot read property 'width' of null
[33m  WARN[97m scene[0m: @modules/overlays/VolumeOsd.qml[44:9]: Unable to assign [undefined] to bool
[33m  WARN[97m scene[0m: @modules/overlays/VolumeOsd.qml[44:9]: Unable to assign [undefined] to bool
[33m  WARN[97m scene[0m: @modules/bar/Corners.qml[38:-1]: TypeError: Cannot read property 'height' of null
[33m  WARN[97m scene[0m: @modules/bar/Corners.qml[48:-1]: TypeError: Cannot read property 'height' of null
[33m  WARN[97m scene[0m: @modules/bar/Corners.qml[57:-1]: TypeError: Cannot read property 'width' of null
[33m  WARN[97m scene[0m: @modules/bar/Corners.qml[77:13]: TypeError: Cannot read property 'height' of null
[33m  WARN[97m scene[0m: @modules/bar/Corners.qml[83:13]: TypeError: Cannot read property 'width' of null
[33m  WARN[97m scene[0m: @modules/bar/Corners.qml[91:13]: TypeError: Cannot read property 'height' of null
[33m  WARN[97m scene[0m: @modules/bar/Corners.qml[90:13]: TypeError: Cannot read property 'width' of null
[33m  WARN[97m scene[0m: @modules/bar/Corners.qml[38:-1]: TypeError: Cannot read property 'height' of null
[33m  WARN[97m scene[0m: @modules/bar/Corners.qml[48:-1]: TypeError: Cannot read property 'height' of null
[33m  WARN[97m scene[0m: @modules/bar/Corners.qml[57:-1]: TypeError: Cannot read property 'width' of null
[33m  WARN[97m scene[0m: @modules/bar/Corners.qml[77:13]: TypeError: Cannot read property 'height' of null
[33m  WARN[97m scene[0m: @modules/bar/Corners.qml[83:13]: TypeError: Cannot read property 'width' of null
[33m  WARN[97m scene[0m: @modules/bar/Corners.qml[91:13]: TypeError: Cannot read property 'height' of null
[33m  WARN[97m scene[0m: @modules/bar/Corners.qml[90:13]: TypeError: Cannot read property 'width' of null
[32m  INFO[0m: Configuration Loaded
[34m DEBUG[97m qml[0m: [WALLPAPER DEBUG] Appearance.wallpaper changed externally to: /home/stan/Pictures/Wallpapers/1403576.png
[34m DEBUG[97m qml[0m: [WALLPAPER DEBUG] Appearance.wallpaper changed externally to: /home/stan/Pictures/Wallpapers/1403576.png
[34m DEBUG[97m qml[0m: [WALLPAPER DEBUG] FolderModel count changed to: 62
[34m DEBUG[97m qml[0m: [WALLPAPER DEBUG] FolderModel count changed to: 62
[34m DEBUG[97m qml[0m: [WALLPAPER DEBUG] Grid count changed to: 62
[34m DEBUG[97m qml[0m: [WALLPAPER DEBUG] Grid count changed to: 62
[32m  INFO[97m qml[0m: Detected Niri
[34m DEBUG[97m qml[0m: [WALLPAPER DEBUG] FolderModel count changed to: 63
[34m DEBUG[97m qml[0m: [WALLPAPER DEBUG] FolderModel count changed to: 63
[34m DEBUG[97m qml[0m: [WALLPAPER DEBUG] Grid count changed to: 63
[34m DEBUG[97m qml[0m: [WALLPAPER DEBUG] Grid count changed to: 63
[34m DEBUG[97m qml[0m: [WALLPAPER DEBUG] FolderModel count changed to: 62
[34m DEBUG[97m qml[0m: [WALLPAPER DEBUG] FolderModel count changed to: 62
[34m DEBUG[97m qml[0m: [WALLPAPER DEBUG] Grid count changed to: 62
[34m DEBUG[97m qml[0m: [WALLPAPER DEBUG] Grid count changed to: 62
[34m DEBUG[97m qml[0m: [WALLPAPER DEBUG] FolderModel count changed to: 63
[34m DEBUG[97m qml[0m: [WALLPAPER DEBUG] FolderModel count changed to: 63
[34m DEBUG[97m qml[0m: [WALLPAPER DEBUG] Grid count changed to: 63
[34m DEBUG[97m qml[0m: [WALLPAPER DEBUG] Grid count changed to: 63
[32m  INFO[0m: Reloading configuration...
[34m DEBUG[97m qml[0m: default
[33m  WARN[97m scene[0m: QML QQuickItem at qrc:/qt/qml/Quickshell/Widgets/ClippingRectangle.qml[68:3]: Wrapper component cannot have more than one visual child.
[33m  WARN[97m scene[0m: QML QQuickItem at qrc:/qt/qml/Quickshell/Widgets/ClippingRectangle.qml[68:3]: Remove all additional children, or pick a specific component to wrap using the child property.
[33m  WARN[97m scene[0m: QML QQuickItem at qrc:/qt/qml/Quickshell/Widgets/ClippingRectangle.qml[68:3]: Wrapper component cannot have more than one visual child.
[33m  WARN[97m scene[0m: QML QQuickItem at qrc:/qt/qml/Quickshell/Widgets/ClippingRectangle.qml[68:3]: Remove all additional children, or pick a specific component to wrap using the child property.
[33m  WARN[97m scene[0m: @modules/bar/Corners.qml[77:13]: TypeError: Cannot read property 'height' of null
[33m  WARN[97m scene[0m: @modules/bar/Corners.qml[83:13]: TypeError: Cannot read property 'width' of null
[33m  WARN[97m scene[0m: @modules/bar/Corners.qml[91:13]: TypeError: Cannot read property 'height' of null
[33m  WARN[97m scene[0m: @modules/bar/Corners.qml[90:13]: TypeError: Cannot read property 'width' of null
[33m  WARN[97m scene[0m: @modules/bar/Corners.qml[77:13]: TypeError: Cannot read property 'height' of null
[33m  WARN[97m scene[0m: @modules/bar/Corners.qml[83:13]: TypeError: Cannot read property 'width' of null
[33m  WARN[97m scene[0m: @modules/bar/Corners.qml[91:13]: TypeError: Cannot read property 'height' of null
[33m  WARN[97m scene[0m: @modules/bar/Corners.qml[90:13]: TypeError: Cannot read property 'width' of null
[33m  WARN[97m scene[0m: @modules/bar/Corners.qml[38:-1]: TypeError: Cannot read property 'height' of null
[33m  WARN[97m scene[0m: @modules/bar/Corners.qml[48:-1]: TypeError: Cannot read property 'height' of null
[33m  WARN[97m scene[0m: @modules/bar/Corners.qml[57:-1]: TypeError: Cannot read property 'width' of null
[33m  WARN[97m scene[0m: @modules/bar/Corners.qml[38:-1]: TypeError: Cannot read property 'height' of null
[33m  WARN[97m scene[0m: @modules/bar/Corners.qml[48:-1]: TypeError: Cannot read property 'height' of null
[33m  WARN[97m scene[0m: @modules/bar/Corners.qml[57:-1]: TypeError: Cannot read property 'width' of null
[33m  WARN[97m scene[0m: @modules/overlays/VolumeOsd.qml[44:9]: Unable to assign [undefined] to bool
[33m  WARN[97m scene[0m: @modules/overlays/VolumeOsd.qml[44:9]: Unable to assign [undefined] to bool
[33m  WARN[97m scene[0m: @modules/bar/Corners.qml[38:-1]: TypeError: Cannot read property 'height' of null
[33m  WARN[97m scene[0m: @modules/bar/Corners.qml[48:-1]: TypeError: Cannot read property 'height' of null
[33m  WARN[97m scene[0m: @modules/bar/Corners.qml[57:-1]: TypeError: Cannot read property 'width' of null
[33m  WARN[97m scene[0m: @modules/bar/Corners.qml[77:13]: TypeError: Cannot read property 'height' of null
[33m  WARN[97m scene[0m: @modules/bar/Corners.qml[83:13]: TypeError: Cannot read property 'width' of null
[33m  WARN[97m scene[0m: @modules/bar/Corners.qml[91:13]: TypeError: Cannot read property 'height' of null
[33m  WARN[97m scene[0m: @modules/bar/Corners.qml[90:13]: TypeError: Cannot read property 'width' of null
[33m  WARN[97m scene[0m: @modules/bar/Corners.qml[38:-1]: TypeError: Cannot read property 'height' of null
[33m  WARN[97m scene[0m: @modules/bar/Corners.qml[48:-1]: TypeError: Cannot read property 'height' of null
[33m  WARN[97m scene[0m: @modules/bar/Corners.qml[57:-1]: TypeError: Cannot read property 'width' of null
[33m  WARN[97m scene[0m: @modules/bar/Corners.qml[77:13]: TypeError: Cannot read property 'height' of null
[33m  WARN[97m scene[0m: @modules/bar/Corners.qml[83:13]: TypeError: Cannot read property 'width' of null
[33m  WARN[97m scene[0m: @modules/bar/Corners.qml[91:13]: TypeError: Cannot read property 'height' of null
[33m  WARN[97m scene[0m: @modules/bar/Corners.qml[90:13]: TypeError: Cannot read property 'width' of null
[32m  INFO[0m: Configuration Loaded
[34m DEBUG[97m qml[0m: [WALLPAPER DEBUG] Appearance.wallpaper changed externally to: /home/stan/Pictures/Wallpapers/1403576.png
[34m DEBUG[97m qml[0m: [WALLPAPER DEBUG] Appearance.wallpaper changed externally to: /home/stan/Pictures/Wallpapers/1403576.png
[34m DEBUG[97m qml[0m: [WALLPAPER DEBUG] FolderModel count changed to: 63
[34m DEBUG[97m qml[0m: [WALLPAPER DEBUG] FolderModel count changed to: 63
[34m DEBUG[97m qml[0m: [WALLPAPER DEBUG] Grid count changed to: 63
[34m DEBUG[97m qml[0m: [WALLPAPER DEBUG] Grid count changed to: 63
[32m  INFO[97m qml[0m: Detected Niri
[34m DEBUG[97m qml[0m: [WALLPAPER DEBUG] FolderModel count changed to: 62
[34m DEBUG[97m qml[0m: [WALLPAPER DEBUG] FolderModel count changed to: 62
[34m DEBUG[97m qml[0m: [WALLPAPER DEBUG] Grid count changed to: 62
[34m DEBUG[97m qml[0m: [WALLPAPER DEBUG] Grid count changed to: 62
[32m  INFO[0m: Reloading configuration...
[34m DEBUG[97m qml[0m: default
[33m  WARN[97m scene[0m: QML QQuickItem at qrc:/qt/qml/Quickshell/Widgets/ClippingRectangle.qml[68:3]: Wrapper component cannot have more than one visual child.
[33m  WARN[97m scene[0m: QML QQuickItem at qrc:/qt/qml/Quickshell/Widgets/ClippingRectangle.qml[68:3]: Remove all additional children, or pick a specific component to wrap using the child property.
[33m  WARN[97m scene[0m: QML QQuickItem at qrc:/qt/qml/Quickshell/Widgets/ClippingRectangle.qml[68:3]: Wrapper component cannot have more than one visual child.
[33m  WARN[97m scene[0m: QML QQuickItem at qrc:/qt/qml/Quickshell/Widgets/ClippingRectangle.qml[68:3]: Remove all additional children, or pick a specific component to wrap using the child property.
[33m  WARN[97m scene[0m: @modules/bar/Corners.qml[77:13]: TypeError: Cannot read property 'height' of null
[33m  WARN[97m scene[0m: @modules/bar/Corners.qml[83:13]: TypeError: Cannot read property 'width' of null
[33m  WARN[97m scene[0m: @modules/bar/Corners.qml[91:13]: TypeError: Cannot read property 'height' of null
[33m  WARN[97m scene[0m: @modules/bar/Corners.qml[90:13]: TypeError: Cannot read property 'width' of null
[33m  WARN[97m scene[0m: @modules/bar/Corners.qml[77:13]: TypeError: Cannot read property 'height' of null
[33m  WARN[97m scene[0m: @modules/bar/Corners.qml[83:13]: TypeError: Cannot read property 'width' of null
[33m  WARN[97m scene[0m: @modules/bar/Corners.qml[91:13]: TypeError: Cannot read property 'height' of null
[33m  WARN[97m scene[0m: @modules/bar/Corners.qml[90:13]: TypeError: Cannot read property 'width' of null
[33m  WARN[97m scene[0m: @modules/bar/Corners.qml[38:-1]: TypeError: Cannot read property 'height' of null
[33m  WARN[97m scene[0m: @modules/bar/Corners.qml[48:-1]: TypeError: Cannot read property 'height' of null
[33m  WARN[97m scene[0m: @modules/bar/Corners.qml[57:-1]: TypeError: Cannot read property 'width' of null
[33m  WARN[97m scene[0m: @modules/bar/Corners.qml[38:-1]: TypeError: Cannot read property 'height' of null
[33m  WARN[97m scene[0m: @modules/bar/Corners.qml[48:-1]: TypeError: Cannot read property 'height' of null
[33m  WARN[97m scene[0m: @modules/bar/Corners.qml[57:-1]: TypeError: Cannot read property 'width' of null
[33m  WARN[97m scene[0m: @modules/overlays/VolumeOsd.qml[44:9]: Unable to assign [undefined] to bool
[33m  WARN[97m scene[0m: @modules/overlays/VolumeOsd.qml[44:9]: Unable to assign [undefined] to bool
[33m  WARN[97m scene[0m: @modules/bar/Corners.qml[38:-1]: TypeError: Cannot read property 'height' of null
[33m  WARN[97m scene[0m: @modules/bar/Corners.qml[48:-1]: TypeError: Cannot read property 'height' of null
[33m  WARN[97m scene[0m: @modules/bar/Corners.qml[57:-1]: TypeError: Cannot read property 'width' of null
[33m  WARN[97m scene[0m: @modules/bar/Corners.qml[77:13]: TypeError: Cannot read property 'height' of null
[33m  WARN[97m scene[0m: @modules/bar/Corners.qml[83:13]: TypeError: Cannot read property 'width' of null
[33m  WARN[97m scene[0m: @modules/bar/Corners.qml[91:13]: TypeError: Cannot read property 'height' of null
[33m  WARN[97m scene[0m: @modules/bar/Corners.qml[90:13]: TypeError: Cannot read property 'width' of null
[33m  WARN[97m scene[0m: @modules/bar/Corners.qml[38:-1]: TypeError: Cannot read property 'height' of null
[33m  WARN[97m scene[0m: @modules/bar/Corners.qml[48:-1]: TypeError: Cannot read property 'height' of null
[33m  WARN[97m scene[0m: @modules/bar/Corners.qml[57:-1]: TypeError: Cannot read property 'width' of null
[33m  WARN[97m scene[0m: @modules/bar/Corners.qml[77:13]: TypeError: Cannot read property 'height' of null
[33m  WARN[97m scene[0m: @modules/bar/Corners.qml[83:13]: TypeError: Cannot read property 'width' of null
[33m  WARN[97m scene[0m: @modules/bar/Corners.qml[91:13]: TypeError: Cannot read property 'height' of null
[33m  WARN[97m scene[0m: @modules/bar/Corners.qml[90:13]: TypeError: Cannot read property 'width' of null
[32m  INFO[0m: Configuration Loaded
[34m DEBUG[97m qml[0m: [WALLPAPER DEBUG] Grid count changed to: 62
[34m DEBUG[97m qml[0m: [WALLPAPER DEBUG] Grid count changed to: 62
[32m  INFO[97m qml[0m: Detected Niri
[34m DEBUG[97m qml[0m: [WALLPAPER DEBUG] Panel isOpen changed to: true
[34m DEBUG[97m qml[0m: [WALLPAPER DEBUG] Opening panel, current activeWallpaper: 
[34m DEBUG[97m qml[0m: [WALLPAPER DEBUG] Grid count: 62
[34m DEBUG[97m qml[0m: [WALLPAPER DEBUG] Found wallpaper at index: -1
[34m DEBUG[97m qml[0m: [WALLPAPER DEBUG] Grid currentIndex changed to: 0 ignoreIndexChange: true isInitializing: true
[34m DEBUG[97m qml[0m: [WALLPAPER DEBUG] Panel isOpen changed to: true
[34m DEBUG[97m qml[0m: [WALLPAPER DEBUG] Grid currentIndex changed to: 1 ignoreIndexChange: false isInitializing: false
[34m DEBUG[97m qml[0m: [WALLPAPER DEBUG] Setting pendingUrl: file:///home/stan/Pictures/Wallpapers/1163434.jpg
[34m DEBUG[97m qml[0m: [WALLPAPER DEBUG] Timer triggered, setting wallpaper from pending: file:///home/stan/Pictures/Wallpapers/1163434.jpg
[34m DEBUG[97m qml[0m: [WALLPAPER DEBUG] setWallpaper called with: file:///home/stan/Pictures/Wallpapers/1163434.jpg
[34m DEBUG[97m qml[0m: [WALLPAPER DEBUG] Setting wallpaper to path: /home/stan/Pictures/Wallpapers/1163434.jpg
[34m DEBUG[97m qml[0m: [WALLPAPER DEBUG] Grid currentIndex changed to: 0 ignoreIndexChange: false isInitializing: false
[34m DEBUG[97m qml[0m: [WALLPAPER DEBUG] Setting pendingUrl: file:///home/stan/Pictures/Wallpapers/1006593.jpg
[34m DEBUG[97m qml[0m: [WALLPAPER DEBUG] Timer triggered, setting wallpaper from pending: file:///home/stan/Pictures/Wallpapers/1006593.jpg
[34m DEBUG[97m qml[0m: [WALLPAPER DEBUG] setWallpaper called with: file:///home/stan/Pictures/Wallpapers/1006593.jpg
[34m DEBUG[97m qml[0m: [WALLPAPER DEBUG] Setting wallpaper to path: /home/stan/Pictures/Wallpapers/1006593.jpg
[34m DEBUG[97m qml[0m: [WALLPAPER DEBUG] Panel isOpen changed to: false
[34m DEBUG[97m qml[0m: [WALLPAPER DEBUG] Panel isOpen changed to: false
[32m  INFO[0m: Reloading configuration...
[34m DEBUG[97m qml[0m: default
[33m  WARN[97m scene[0m: QML QQuickItem at qrc:/qt/qml/Quickshell/Widgets/ClippingRectangle.qml[68:3]: Wrapper component cannot have more than one visual child.
[33m  WARN[97m scene[0m: QML QQuickItem at qrc:/qt/qml/Quickshell/Widgets/ClippingRectangle.qml[68:3]: Remove all additional children, or pick a specific component to wrap using the child property.
[33m  WARN[97m scene[0m: QML QQuickItem at qrc:/qt/qml/Quickshell/Widgets/ClippingRectangle.qml[68:3]: Wrapper component cannot have more than one visual child.
[33m  WARN[97m scene[0m: QML QQuickItem at qrc:/qt/qml/Quickshell/Widgets/ClippingRectangle.qml[68:3]: Remove all additional children, or pick a specific component to wrap using the child property.
[33m  WARN[97m scene[0m: @modules/bar/Corners.qml[77:13]: TypeError: Cannot read property 'height' of null
[33m  WARN[97m scene[0m: @modules/bar/Corners.qml[83:13]: TypeError: Cannot read property 'width' of null
[33m  WARN[97m scene[0m: @modules/bar/Corners.qml[91:13]: TypeError: Cannot read property 'height' of null
[33m  WARN[97m scene[0m: @modules/bar/Corners.qml[90:13]: TypeError: Cannot read property 'width' of null
[33m  WARN[97m scene[0m: @modules/bar/Corners.qml[77:13]: TypeError: Cannot read property 'height' of null
[33m  WARN[97m scene[0m: @modules/bar/Corners.qml[83:13]: TypeError: Cannot read property 'width' of null
[33m  WARN[97m scene[0m: @modules/bar/Corners.qml[91:13]: TypeError: Cannot read property 'height' of null
[33m  WARN[97m scene[0m: @modules/bar/Corners.qml[90:13]: TypeError: Cannot read property 'width' of null
[33m  WARN[97m scene[0m: @modules/bar/Corners.qml[38:-1]: TypeError: Cannot read property 'height' of null
[33m  WARN[97m scene[0m: @modules/bar/Corners.qml[48:-1]: TypeError: Cannot read property 'height' of null
[33m  WARN[97m scene[0m: @modules/bar/Corners.qml[57:-1]: TypeError: Cannot read property 'width' of null
[33m  WARN[97m scene[0m: @modules/bar/Corners.qml[38:-1]: TypeError: Cannot read property 'height' of null
[33m  WARN[97m scene[0m: @modules/bar/Corners.qml[48:-1]: TypeError: Cannot read property 'height' of null
[33m  WARN[97m scene[0m: @modules/bar/Corners.qml[57:-1]: TypeError: Cannot read property 'width' of null
[33m  WARN[97m scene[0m: @modules/overlays/VolumeOsd.qml[44:9]: Unable to assign [undefined] to bool
[33m  WARN[97m scene[0m: @modules/overlays/VolumeOsd.qml[44:9]: Unable to assign [undefined] to bool
[33m  WARN[97m scene[0m: @modules/bar/Corners.qml[38:-1]: TypeError: Cannot read property 'height' of null
[33m  WARN[97m scene[0m: @modules/bar/Corners.qml[48:-1]: TypeError: Cannot read property 'height' of null
[33m  WARN[97m scene[0m: @modules/bar/Corners.qml[57:-1]: TypeError: Cannot read property 'width' of null
[33m  WARN[97m scene[0m: @modules/bar/Corners.qml[77:13]: TypeError: Cannot read property 'height' of null
[33m  WARN[97m scene[0m: @modules/bar/Corners.qml[83:13]: TypeError: Cannot read property 'width' of null
[33m  WARN[97m scene[0m: @modules/bar/Corners.qml[91:13]: TypeError: Cannot read property 'height' of null
[33m  WARN[97m scene[0m: @modules/bar/Corners.qml[90:13]: TypeError: Cannot read property 'width' of null
[33m  WARN[97m scene[0m: @modules/bar/Corners.qml[38:-1]: TypeError: Cannot read property 'height' of null
[33m  WARN[97m scene[0m: @modules/bar/Corners.qml[48:-1]: TypeError: Cannot read property 'height' of null
[33m  WARN[97m scene[0m: @modules/bar/Corners.qml[57:-1]: TypeError: Cannot read property 'width' of null
[33m  WARN[97m scene[0m: @modules/bar/Corners.qml[77:13]: TypeError: Cannot read property 'height' of null
[33m  WARN[97m scene[0m: @modules/bar/Corners.qml[83:13]: TypeError: Cannot read property 'width' of null
[33m  WARN[97m scene[0m: @modules/bar/Corners.qml[91:13]: TypeError: Cannot read property 'height' of null
[33m  WARN[97m scene[0m: @modules/bar/Corners.qml[90:13]: TypeError: Cannot read property 'width' of null
[32m  INFO[0m: Configuration Loaded
[32m  INFO[97m qml[0m: Detected Niri
[32m  INFO[0m: Reloading configuration...
[34m DEBUG[97m qml[0m: default
[33m  WARN[97m scene[0m: QML QQuickItem at qrc:/qt/qml/Quickshell/Widgets/ClippingRectangle.qml[68:3]: Wrapper component cannot have more than one visual child.
[33m  WARN[97m scene[0m: QML QQuickItem at qrc:/qt/qml/Quickshell/Widgets/ClippingRectangle.qml[68:3]: Remove all additional children, or pick a specific component to wrap using the child property.
[33m  WARN[97m scene[0m: QML QQuickItem at qrc:/qt/qml/Quickshell/Widgets/ClippingRectangle.qml[68:3]: Wrapper component cannot have more than one visual child.
[33m  WARN[97m scene[0m: QML QQuickItem at qrc:/qt/qml/Quickshell/Widgets/ClippingRectangle.qml[68:3]: Remove all additional children, or pick a specific component to wrap using the child property.
[33m  WARN[97m scene[0m: @modules/bar/Corners.qml[77:13]: TypeError: Cannot read property 'height' of null
[33m  WARN[97m scene[0m: @modules/bar/Corners.qml[83:13]: TypeError: Cannot read property 'width' of null
[33m  WARN[97m scene[0m: @modules/bar/Corners.qml[91:13]: TypeError: Cannot read property 'height' of null
[33m  WARN[97m scene[0m: @modules/bar/Corners.qml[90:13]: TypeError: Cannot read property 'width' of null
[33m  WARN[97m scene[0m: @modules/bar/Corners.qml[77:13]: TypeError: Cannot read property 'height' of null
[33m  WARN[97m scene[0m: @modules/bar/Corners.qml[83:13]: TypeError: Cannot read property 'width' of null
[33m  WARN[97m scene[0m: @modules/bar/Corners.qml[91:13]: TypeError: Cannot read property 'height' of null
[33m  WARN[97m scene[0m: @modules/bar/Corners.qml[90:13]: TypeError: Cannot read property 'width' of null
[33m  WARN[97m scene[0m: @modules/bar/Corners.qml[38:-1]: TypeError: Cannot read property 'height' of null
[33m  WARN[97m scene[0m: @modules/bar/Corners.qml[48:-1]: TypeError: Cannot read property 'height' of null
[33m  WARN[97m scene[0m: @modules/bar/Corners.qml[57:-1]: TypeError: Cannot read property 'width' of null
[33m  WARN[97m scene[0m: @modules/bar/Corners.qml[38:-1]: TypeError: Cannot read property 'height' of null
[33m  WARN[97m scene[0m: @modules/bar/Corners.qml[48:-1]: TypeError: Cannot read property 'height' of null
[33m  WARN[97m scene[0m: @modules/bar/Corners.qml[57:-1]: TypeError: Cannot read property 'width' of null
[33m  WARN[97m scene[0m: @modules/overlays/VolumeOsd.qml[44:9]: Unable to assign [undefined] to bool
[33m  WARN[97m scene[0m: @modules/overlays/VolumeOsd.qml[44:9]: Unable to assign [undefined] to bool
[33m  WARN[97m scene[0m: @modules/bar/Corners.qml[38:-1]: TypeError: Cannot read property 'height' of null
[33m  WARN[97m scene[0m: @modules/bar/Corners.qml[48:-1]: TypeError: Cannot read property 'height' of null
[33m  WARN[97m scene[0m: @modules/bar/Corners.qml[57:-1]: TypeError: Cannot read property 'width' of null
[33m  WARN[97m scene[0m: @modules/bar/Corners.qml[77:13]: TypeError: Cannot read property 'height' of null
[33m  WARN[97m scene[0m: @modules/bar/Corners.qml[83:13]: TypeError: Cannot read property 'width' of null
[33m  WARN[97m scene[0m: @modules/bar/Corners.qml[91:13]: TypeError: Cannot read property 'height' of null
[33m  WARN[97m scene[0m: @modules/bar/Corners.qml[90:13]: TypeError: Cannot read property 'width' of null
[33m  WARN[97m scene[0m: @modules/bar/Corners.qml[38:-1]: TypeError: Cannot read property 'height' of null
[33m  WARN[97m scene[0m: @modules/bar/Corners.qml[48:-1]: TypeError: Cannot read property 'height' of null
[33m  WARN[97m scene[0m: @modules/bar/Corners.qml[57:-1]: TypeError: Cannot read property 'width' of null
[33m  WARN[97m scene[0m: @modules/bar/Corners.qml[77:13]: TypeError: Cannot read property 'height' of null
[33m  WARN[97m scene[0m: @modules/bar/Corners.qml[83:13]: TypeError: Cannot read property 'width' of null
[33m  WARN[97m scene[0m: @modules/bar/Corners.qml[91:13]: TypeError: Cannot read property 'height' of null
[33m  WARN[97m scene[0m: @modules/bar/Corners.qml[90:13]: TypeError: Cannot read property 'width' of null
[32m  INFO[0m: Configuration Loaded
[32m  INFO[97m qml[0m: Detected Niri
[32m  INFO[0m: Reloading configuration...
[34m DEBUG[97m qml[0m: default
[33m  WARN[97m scene[0m: QML QQuickItem at qrc:/qt/qml/Quickshell/Widgets/ClippingRectangle.qml[68:3]: Wrapper component cannot have more than one visual child.
[33m  WARN[97m scene[0m: QML QQuickItem at qrc:/qt/qml/Quickshell/Widgets/ClippingRectangle.qml[68:3]: Remove all additional children, or pick a specific component to wrap using the child property.
[33m  WARN[97m scene[0m: QML QQuickItem at qrc:/qt/qml/Quickshell/Widgets/ClippingRectangle.qml[68:3]: Wrapper component cannot have more than one visual child.
[33m  WARN[97m scene[0m: QML QQuickItem at qrc:/qt/qml/Quickshell/Widgets/ClippingRectangle.qml[68:3]: Remove all additional children, or pick a specific component to wrap using the child property.
[33m  WARN[97m scene[0m: @modules/bar/Corners.qml[77:13]: TypeError: Cannot read property 'height' of null
[33m  WARN[97m scene[0m: @modules/bar/Corners.qml[83:13]: TypeError: Cannot read property 'width' of null
[33m  WARN[97m scene[0m: @modules/bar/Corners.qml[91:13]: TypeError: Cannot read property 'height' of null
[33m  WARN[97m scene[0m: @modules/bar/Corners.qml[90:13]: TypeError: Cannot read property 'width' of null
[33m  WARN[97m scene[0m: @modules/bar/Corners.qml[77:13]: TypeError: Cannot read property 'height' of null
[33m  WARN[97m scene[0m: @modules/bar/Corners.qml[83:13]: TypeError: Cannot read property 'width' of null
[33m  WARN[97m scene[0m: @modules/bar/Corners.qml[91:13]: TypeError: Cannot read property 'height' of null
[33m  WARN[97m scene[0m: @modules/bar/Corners.qml[90:13]: TypeError: Cannot read property 'width' of null
[33m  WARN[97m scene[0m: @modules/bar/Corners.qml[38:-1]: TypeError: Cannot read property 'height' of null
[33m  WARN[97m scene[0m: @modules/bar/Corners.qml[48:-1]: TypeError: Cannot read property 'height' of null
[33m  WARN[97m scene[0m: @modules/bar/Corners.qml[57:-1]: TypeError: Cannot read property 'width' of null
[33m  WARN[97m scene[0m: @modules/bar/Corners.qml[38:-1]: TypeError: Cannot read property 'height' of null
[33m  WARN[97m scene[0m: @modules/bar/Corners.qml[48:-1]: TypeError: Cannot read property 'height' of null
[33m  WARN[97m scene[0m: @modules/bar/Corners.qml[57:-1]: TypeError: Cannot read property 'width' of null
[33m  WARN[97m scene[0m: @modules/overlays/VolumeOsd.qml[44:9]: Unable to assign [undefined] to bool
[33m  WARN[97m scene[0m: @modules/overlays/VolumeOsd.qml[44:9]: Unable to assign [undefined] to bool
[33m  WARN[97m scene[0m: @modules/bar/Corners.qml[38:-1]: TypeError: Cannot read property 'height' of null
[33m  WARN[97m scene[0m: @modules/bar/Corners.qml[48:-1]: TypeError: Cannot read property 'height' of null
[33m  WARN[97m scene[0m: @modules/bar/Corners.qml[57:-1]: TypeError: Cannot read property 'width' of null
[33m  WARN[97m scene[0m: @modules/bar/Corners.qml[77:13]: TypeError: Cannot read property 'height' of null
[33m  WARN[97m scene[0m: @modules/bar/Corners.qml[83:13]: TypeError: Cannot read property 'width' of null
[33m  WARN[97m scene[0m: @modules/bar/Corners.qml[91:13]: TypeError: Cannot read property 'height' of null
[33m  WARN[97m scene[0m: @modules/bar/Corners.qml[90:13]: TypeError: Cannot read property 'width' of null
[33m  WARN[97m scene[0m: @modules/bar/Corners.qml[38:-1]: TypeError: Cannot read property 'height' of null
[33m  WARN[97m scene[0m: @modules/bar/Corners.qml[48:-1]: TypeError: Cannot read property 'height' of null
[33m  WARN[97m scene[0m: @modules/bar/Corners.qml[57:-1]: TypeError: Cannot read property 'width' of null
[33m  WARN[97m scene[0m: @modules/bar/Corners.qml[77:13]: TypeError: Cannot read property 'height' of null
[33m  WARN[97m scene[0m: @modules/bar/Corners.qml[83:13]: TypeError: Cannot read property 'width' of null
[33m  WARN[97m scene[0m: @modules/bar/Corners.qml[91:13]: TypeError: Cannot read property 'height' of null
[33m  WARN[97m scene[0m: @modules/bar/Corners.qml[90:13]: TypeError: Cannot read property 'width' of null
[32m  INFO[0m: Configuration Loaded
[32m  INFO[97m qml[0m: Detected Niri
[32m  INFO[0m: Reloading configuration...
[34m DEBUG[97m qml[0m: default
[33m  WARN[97m scene[0m: QML QQuickItem at qrc:/qt/qml/Quickshell/Widgets/ClippingRectangle.qml[68:3]: Wrapper component cannot have more than one visual child.
[33m  WARN[97m scene[0m: QML QQuickItem at qrc:/qt/qml/Quickshell/Widgets/ClippingRectangle.qml[68:3]: Remove all additional children, or pick a specific component to wrap using the child property.
[33m  WARN[97m scene[0m: QML QQuickItem at qrc:/qt/qml/Quickshell/Widgets/ClippingRectangle.qml[68:3]: Wrapper component cannot have more than one visual child.
[33m  WARN[97m scene[0m: QML QQuickItem at qrc:/qt/qml/Quickshell/Widgets/ClippingRectangle.qml[68:3]: Remove all additional children, or pick a specific component to wrap using the child property.
[33m  WARN[97m scene[0m: @modules/bar/Corners.qml[77:13]: TypeError: Cannot read property 'height' of null
[33m  WARN[97m scene[0m: @modules/bar/Corners.qml[83:13]: TypeError: Cannot read property 'width' of null
[33m  WARN[97m scene[0m: @modules/bar/Corners.qml[91:13]: TypeError: Cannot read property 'height' of null
[33m  WARN[97m scene[0m: @modules/bar/Corners.qml[90:13]: TypeError: Cannot read property 'width' of null
[33m  WARN[97m scene[0m: @modules/bar/Corners.qml[77:13]: TypeError: Cannot read property 'height' of null
[33m  WARN[97m scene[0m: @modules/bar/Corners.qml[83:13]: TypeError: Cannot read property 'width' of null
[33m  WARN[97m scene[0m: @modules/bar/Corners.qml[91:13]: TypeError: Cannot read property 'height' of null
[33m  WARN[97m scene[0m: @modules/bar/Corners.qml[90:13]: TypeError: Cannot read property 'width' of null
[33m  WARN[97m scene[0m: @modules/bar/Corners.qml[38:-1]: TypeError: Cannot read property 'height' of null
[33m  WARN[97m scene[0m: @modules/bar/Corners.qml[48:-1]: TypeError: Cannot read property 'height' of null
[33m  WARN[97m scene[0m: @modules/bar/Corners.qml[57:-1]: TypeError: Cannot read property 'width' of null
[33m  WARN[97m scene[0m: @modules/bar/Corners.qml[38:-1]: TypeError: Cannot read property 'height' of null
[33m  WARN[97m scene[0m: @modules/bar/Corners.qml[48:-1]: TypeError: Cannot read property 'height' of null
[33m  WARN[97m scene[0m: @modules/bar/Corners.qml[57:-1]: TypeError: Cannot read property 'width' of null
[33m  WARN[97m scene[0m: @modules/overlays/VolumeOsd.qml[44:9]: Unable to assign [undefined] to bool
[33m  WARN[97m scene[0m: @modules/overlays/VolumeOsd.qml[44:9]: Unable to assign [undefined] to bool
[33m  WARN[97m scene[0m: @modules/bar/Corners.qml[38:-1]: TypeError: Cannot read property 'height' of null
[33m  WARN[97m scene[0m: @modules/bar/Corners.qml[48:-1]: TypeError: Cannot read property 'height' of null
[33m  WARN[97m scene[0m: @modules/bar/Corners.qml[57:-1]: TypeError: Cannot read property 'width' of null
[33m  WARN[97m scene[0m: @modules/bar/Corners.qml[77:13]: TypeError: Cannot read property 'height' of null
[33m  WARN[97m scene[0m: @modules/bar/Corners.qml[83:13]: TypeError: Cannot read property 'width' of null
[33m  WARN[97m scene[0m: @modules/bar/Corners.qml[91:13]: TypeError: Cannot read property 'height' of null
[33m  WARN[97m scene[0m: @modules/bar/Corners.qml[90:13]: TypeError: Cannot read property 'width' of null
[33m  WARN[97m scene[0m: @modules/bar/Corners.qml[38:-1]: TypeError: Cannot read property 'height' of null
[33m  WARN[97m scene[0m: @modules/bar/Corners.qml[48:-1]: TypeError: Cannot read property 'height' of null
[33m  WARN[97m scene[0m: @modules/bar/Corners.qml[57:-1]: TypeError: Cannot read property 'width' of null
[33m  WARN[97m scene[0m: @modules/bar/Corners.qml[77:13]: TypeError: Cannot read property 'height' of null
[33m  WARN[97m scene[0m: @modules/bar/Corners.qml[83:13]: TypeError: Cannot read property 'width' of null
[33m  WARN[97m scene[0m: @modules/bar/Corners.qml[91:13]: TypeError: Cannot read property 'height' of null
[33m  WARN[97m scene[0m: @modules/bar/Corners.qml[90:13]: TypeError: Cannot read property 'width' of null
[32m  INFO[0m: Configuration Loaded
[32m  INFO[97m qml[0m: Detected Niri
[32m  INFO[0m: Reloading configuration...
[34m DEBUG[97m qml[0m: default
[33m  WARN[97m scene[0m: QML QQuickItem at qrc:/qt/qml/Quickshell/Widgets/ClippingRectangle.qml[68:3]: Wrapper component cannot have more than one visual child.
[33m  WARN[97m scene[0m: QML QQuickItem at qrc:/qt/qml/Quickshell/Widgets/ClippingRectangle.qml[68:3]: Remove all additional children, or pick a specific component to wrap using the child property.
[33m  WARN[97m scene[0m: QML QQuickItem at qrc:/qt/qml/Quickshell/Widgets/ClippingRectangle.qml[68:3]: Wrapper component cannot have more than one visual child.
[33m  WARN[97m scene[0m: QML QQuickItem at qrc:/qt/qml/Quickshell/Widgets/ClippingRectangle.qml[68:3]: Remove all additional children, or pick a specific component to wrap using the child property.
[33m  WARN[97m scene[0m: @modules/bar/Corners.qml[77:13]: TypeError: Cannot read property 'height' of null
[33m  WARN[97m scene[0m: @modules/bar/Corners.qml[83:13]: TypeError: Cannot read property 'width' of null
[33m  WARN[97m scene[0m: @modules/bar/Corners.qml[91:13]: TypeError: Cannot read property 'height' of null
[33m  WARN[97m scene[0m: @modules/bar/Corners.qml[90:13]: TypeError: Cannot read property 'width' of null
[33m  WARN[97m scene[0m: @modules/bar/Corners.qml[77:13]: TypeError: Cannot read property 'height' of null
[33m  WARN[97m scene[0m: @modules/bar/Corners.qml[83:13]: TypeError: Cannot read property 'width' of null
[33m  WARN[97m scene[0m: @modules/bar/Corners.qml[91:13]: TypeError: Cannot read property 'height' of null
[33m  WARN[97m scene[0m: @modules/bar/Corners.qml[90:13]: TypeError: Cannot read property 'width' of null
[33m  WARN[97m scene[0m: @modules/bar/Corners.qml[38:-1]: TypeError: Cannot read property 'height' of null
[33m  WARN[97m scene[0m: @modules/bar/Corners.qml[48:-1]: TypeError: Cannot read property 'height' of null
[33m  WARN[97m scene[0m: @modules/bar/Corners.qml[57:-1]: TypeError: Cannot read property 'width' of null
[33m  WARN[97m scene[0m: @modules/bar/Corners.qml[38:-1]: TypeError: Cannot read property 'height' of null
[33m  WARN[97m scene[0m: @modules/bar/Corners.qml[48:-1]: TypeError: Cannot read property 'height' of null
[33m  WARN[97m scene[0m: @modules/bar/Corners.qml[57:-1]: TypeError: Cannot read property 'width' of null
[33m  WARN[97m scene[0m: @modules/overlays/VolumeOsd.qml[44:9]: Unable to assign [undefined] to bool
[33m  WARN[97m scene[0m: @modules/overlays/VolumeOsd.qml[44:9]: Unable to assign [undefined] to bool
[33m  WARN[97m scene[0m: @modules/bar/Corners.qml[38:-1]: TypeError: Cannot read property 'height' of null
[33m  WARN[97m scene[0m: @modules/bar/Corners.qml[48:-1]: TypeError: Cannot read property 'height' of null
[33m  WARN[97m scene[0m: @modules/bar/Corners.qml[57:-1]: TypeError: Cannot read property 'width' of null
[33m  WARN[97m scene[0m: @modules/bar/Corners.qml[77:13]: TypeError: Cannot read property 'height' of null
[33m  WARN[97m scene[0m: @modules/bar/Corners.qml[83:13]: TypeError: Cannot read property 'width' of null
[33m  WARN[97m scene[0m: @modules/bar/Corners.qml[91:13]: TypeError: Cannot read property 'height' of null
[33m  WARN[97m scene[0m: @modules/bar/Corners.qml[90:13]: TypeError: Cannot read property 'width' of null
[33m  WARN[97m scene[0m: @modules/bar/Corners.qml[38:-1]: TypeError: Cannot read property 'height' of null
[33m  WARN[97m scene[0m: @modules/bar/Corners.qml[48:-1]: TypeError: Cannot read property 'height' of null
[33m  WARN[97m scene[0m: @modules/bar/Corners.qml[57:-1]: TypeError: Cannot read property 'width' of null
[33m  WARN[97m scene[0m: @modules/bar/Corners.qml[77:13]: TypeError: Cannot read property 'height' of null
[33m  WARN[97m scene[0m: @modules/bar/Corners.qml[83:13]: TypeError: Cannot read property 'width' of null
[33m  WARN[97m scene[0m: @modules/bar/Corners.qml[91:13]: TypeError: Cannot read property 'height' of null
[33m  WARN[97m scene[0m: @modules/bar/Corners.qml[90:13]: TypeError: Cannot read property 'width' of null
[32m  INFO[0m: Configuration Loaded
[32m  INFO[97m qml[0m: Detected Niri
[32m  INFO[0m: Launching config: "/home/stan/.config/quickshell/default/shell.qml"
[32m  INFO[0m: Shell ID: "9443168c4e0886ec08bd016e7b545395" Path ID "9443168c4e0886ec08bd016e7b545395"
[32m  INFO[0m: Saving logs to "/run/user/1000/quickshell/by-id/9ni1lmgq9t/log.qslog"
[32m  INFO[0m: QML tooling support enabled
[34m DEBUG[97m qml[0m: default
[33m  WARN[97m scene[0m: QML QQuickItem at qrc:/qt/qml/Quickshell/Widgets/ClippingRectangle.qml[68:3]: Wrapper component cannot have more than one visual child.
[33m  WARN[97m scene[0m: QML QQuickItem at qrc:/qt/qml/Quickshell/Widgets/ClippingRectangle.qml[68:3]: Remove all additional children, or pick a specific component to wrap using the child property.
[33m  WARN[97m scene[0m: QML QQuickItem at qrc:/qt/qml/Quickshell/Widgets/ClippingRectangle.qml[68:3]: Wrapper component cannot have more than one visual child.
[33m  WARN[97m scene[0m: QML QQuickItem at qrc:/qt/qml/Quickshell/Widgets/ClippingRectangle.qml[68:3]: Remove all additional children, or pick a specific component to wrap using the child property.
[33m  WARN[0m: $HYPRLAND_INSTANCE_SIGNATURE is unset. Cannot connect to hyprland.
[33m  WARN[97m scene[0m: @modules/bar/Corners.qml[77:13]: TypeError: Cannot read property 'height' of null
[33m  WARN[97m scene[0m: @modules/bar/Corners.qml[83:13]: TypeError: Cannot read property 'width' of null
[33m  WARN[97m scene[0m: @modules/bar/Corners.qml[91:13]: TypeError: Cannot read property 'height' of null
[33m  WARN[97m scene[0m: @modules/bar/Corners.qml[90:13]: TypeError: Cannot read property 'width' of null
[33m  WARN[97m scene[0m: @modules/bar/Corners.qml[77:13]: TypeError: Cannot read property 'height' of null
[33m  WARN[97m scene[0m: @modules/bar/Corners.qml[83:13]: TypeError: Cannot read property 'width' of null
[33m  WARN[97m scene[0m: @modules/bar/Corners.qml[91:13]: TypeError: Cannot read property 'height' of null
[33m  WARN[97m scene[0m: @modules/bar/Corners.qml[90:13]: TypeError: Cannot read property 'width' of null
[33m  WARN[97m scene[0m: @modules/bar/Corners.qml[38:-1]: TypeError: Cannot read property 'height' of null
[33m  WARN[97m scene[0m: @modules/bar/Corners.qml[48:-1]: TypeError: Cannot read property 'height' of null
[33m  WARN[97m scene[0m: @modules/bar/Corners.qml[57:-1]: TypeError: Cannot read property 'width' of null
[33m  WARN[97m scene[0m: @modules/bar/Corners.qml[38:-1]: TypeError: Cannot read property 'height' of null
[33m  WARN[97m scene[0m: @modules/bar/Corners.qml[48:-1]: TypeError: Cannot read property 'height' of null
[33m  WARN[97m scene[0m: @modules/bar/Corners.qml[57:-1]: TypeError: Cannot read property 'width' of null
[33m  WARN[97m scene[0m: @modules/overlays/VolumeOsd.qml[44:9]: Unable to assign [undefined] to bool
[33m  WARN[97m scene[0m: @modules/overlays/VolumeOsd.qml[44:9]: Unable to assign [undefined] to bool
[32m  INFO[0m: Configuration Loaded
[32m  INFO[97m qml[0m: Detected Niri
[32m  INFO[0m: Exiting due to IPC request.
